2025-06-18T00:00:02.715-03:00  INFO 24988 --- [amazonas-e-commerce] [http-nio-3001-exec-1] o.a.c.c.C.[Tomcat].[localhost].[/]       : Initializing Spring DispatcherServlet 'dispatcherServlet'
2025-06-18T00:00:02.719-03:00  INFO 24988 --- [amazonas-e-commerce] [http-nio-3001-exec-1] o.s.web.servlet.DispatcherServlet        : Initializing Servlet 'dispatcherServlet'
2025-06-18T00:00:02.720-03:00  INFO 24988 --- [amazonas-e-commerce] [http-nio-3001-exec-1] o.s.web.servlet.DispatcherServlet        : Completed initialization in 1 ms
2025-06-18T00:13:40.087-03:00  INFO 24988 --- [amazonas-e-commerce] [SpringApplicationShutdownHook] o.s.b.w.e.tomcat.GracefulShutdown        : Commencing graceful shutdown. Waiting for active requests to complete
2025-06-18T00:13:40.263-03:00  INFO 24988 --- [amazonas-e-commerce] [tomcat-shutdown] o.s.b.w.e.tomcat.GracefulShutdown        : Graceful shutdown complete
2025-06-18T00:13:40.266-03:00  INFO 24988 --- [amazonas-e-commerce] [SpringApplicationShutdownHook] j.LocalContainerEntityManagerFactoryBean : Closing JPA EntityManagerFactory for persistence unit 'default'
2025-06-18T00:13:40.266-03:00  INFO 24988 --- [amazonas-e-commerce] [SpringApplicationShutdownHook] com.zaxxer.hikari.HikariDataSource       : HikariPool-1 - Shutdown initiated...
2025-06-18T00:13:40.270-03:00  INFO 24988 --- [amazonas-e-commerce] [SpringApplicationShutdownHook] com.zaxxer.hikari.HikariDataSource       : HikariPool-1 - Shutdown completed.
2025-06-18T00:13:45.383-03:00  INFO 30560 --- [amazonas-e-commerce] [main] c.a.a.AmazonasECommerceApplication       : Starting AmazonasECommerceApplication using Java 17.0.12 with PID 30560 (C:\01.ESCRITORIO_DISC_C\UADE\SEGUNDO ANIO\1ER CUATRI 2025\APLICACIONES INTERACTIVAS\proyecto-final-APIS\Proyecto-Final-e-commerce\PF_API_e-commerce\Backend\target\classes started by Mateo in C:\01.ESCRITORIO_DISC_C\UADE\SEGUNDO ANIO\1ER CUATRI 2025\APLICACIONES INTERACTIVAS\proyecto-final-APIS\Proyecto-Final-e-commerce\PF_API_e-commerce\Backend)
2025-06-18T00:13:45.385-03:00  INFO 30560 --- [amazonas-e-commerce] [main] c.a.a.AmazonasECommerceApplication       : No active profile set, falling back to 1 default profile: "default"
2025-06-18T00:13:45.756-03:00  INFO 30560 --- [amazonas-e-commerce] [main] .s.d.r.c.RepositoryConfigurationDelegate : Bootstrapping Spring Data JPA repositories in DEFAULT mode.
2025-06-18T00:13:45.796-03:00  INFO 30560 --- [amazonas-e-commerce] [main] .s.d.r.c.RepositoryConfigurationDelegate : Finished Spring Data repository scanning in 36 ms. Found 2 JPA repository interfaces.
2025-06-18T00:13:46.134-03:00  INFO 30560 --- [amazonas-e-commerce] [main] o.s.b.w.embedded.tomcat.TomcatWebServer  : Tomcat initialized with port 3001 (http)
2025-06-18T00:13:46.143-03:00  INFO 30560 --- [amazonas-e-commerce] [main] o.apache.catalina.core.StandardService   : Starting service [Tomcat]
2025-06-18T00:13:46.144-03:00  INFO 30560 --- [amazonas-e-commerce] [main] o.apache.catalina.core.StandardEngine    : Starting Servlet engine: [Apache Tomcat/10.1.41]
2025-06-18T00:13:46.180-03:00  INFO 30560 --- [amazonas-e-commerce] [main] o.a.c.c.C.[Tomcat].[localhost].[/]       : Initializing Spring embedded WebApplicationContext
2025-06-18T00:13:46.180-03:00  INFO 30560 --- [amazonas-e-commerce] [main] w.s.c.ServletWebServerApplicationContext : Root WebApplicationContext: initialization completed in 771 ms
2025-06-18T00:13:46.267-03:00  INFO 30560 --- [amazonas-e-commerce] [main] o.hibernate.jpa.internal.util.LogHelper  : HHH000204: Processing PersistenceUnitInfo [name: default]
2025-06-18T00:13:46.300-03:00  INFO 30560 --- [amazonas-e-commerce] [main] org.hibernate.Version                    : HHH000412: Hibernate ORM core version 6.6.15.Final
2025-06-18T00:13:46.320-03:00  INFO 30560 --- [amazonas-e-commerce] [main] o.h.c.internal.RegionFactoryInitiator    : HHH000026: Second-level cache disabled
2025-06-18T00:13:46.482-03:00  INFO 30560 --- [amazonas-e-commerce] [main] o.s.o.j.p.SpringPersistenceUnitInfo      : No LoadTimeWeaver setup: ignoring JPA class transformer
2025-06-18T00:13:46.499-03:00  INFO 30560 --- [amazonas-e-commerce] [main] com.zaxxer.hikari.HikariDataSource       : HikariPool-1 - Starting...
2025-06-18T00:13:46.730-03:00  INFO 30560 --- [amazonas-e-commerce] [main] com.zaxxer.hikari.pool.HikariPool        : HikariPool-1 - Added connection com.mysql.cj.jdbc.ConnectionImpl@433d93e7
2025-06-18T00:13:46.732-03:00  INFO 30560 --- [amazonas-e-commerce] [main] com.zaxxer.hikari.HikariDataSource       : HikariPool-1 - Start completed.
2025-06-18T00:13:46.761-03:00  WARN 30560 --- [amazonas-e-commerce] [main] org.hibernate.orm.deprecation            : HHH90000025: MySQL8Dialect does not need to be specified explicitly using 'hibernate.dialect' (remove the property setting and it will be selected by default)
2025-06-18T00:13:46.763-03:00  WARN 30560 --- [amazonas-e-commerce] [main] org.hibernate.orm.deprecation            : HHH90000026: MySQL8Dialect has been deprecated; use org.hibernate.dialect.MySQLDialect instead
2025-06-18T00:13:46.776-03:00  INFO 30560 --- [amazonas-e-commerce] [main] org.hibernate.orm.connections.pooling    : HHH10001005: Database info:
	Database JDBC URL [Connecting through datasource 'HikariDataSource (HikariPool-1)']
	Database driver: undefined/unknown
	Database version: 8.0
	Autocommit mode: undefined/unknown
	Isolation level: undefined/unknown
	Minimum pool size: undefined/unknown
	Maximum pool size: undefined/unknown
2025-06-18T00:13:47.259-03:00  INFO 30560 --- [amazonas-e-commerce] [main] o.h.e.t.j.p.i.JtaPlatformInitiator       : HHH000489: No JTA platform available (set 'hibernate.transaction.jta.platform' to enable JTA platform integration)
2025-06-18T00:13:47.304-03:00  INFO 30560 --- [amazonas-e-commerce] [main] j.LocalContainerEntityManagerFactoryBean : Initialized JPA EntityManagerFactory for persistence unit 'default'
2025-06-18T00:13:47.551-03:00  INFO 30560 --- [amazonas-e-commerce] [main] eAuthenticationProviderManagerConfigurer : Global AuthenticationManager configured with AuthenticationProvider bean with name authenticationProvider
2025-06-18T00:13:47.551-03:00  WARN 30560 --- [amazonas-e-commerce] [main] r$InitializeUserDetailsManagerConfigurer : Global AuthenticationManager configured with an AuthenticationProvider bean. UserDetailsService beans will not be used by Spring Security for automatically configuring username/password login. Consider removing the AuthenticationProvider bean. Alternatively, consider using the UserDetailsService in a manually instantiated DaoAuthenticationProvider. If the current configuration is intentional, to turn off this warning, increase the logging level of 'org.springframework.security.config.annotation.authentication.configuration.InitializeUserDetailsBeanManagerConfigurer' to ERROR
2025-06-18T00:13:47.574-03:00  WARN 30560 --- [amazonas-e-commerce] [main] JpaBaseConfiguration$JpaWebConfiguration : spring.jpa.open-in-view is enabled by default. Therefore, database queries may be performed during view rendering. Explicitly configure spring.jpa.open-in-view to disable this warning
2025-06-18T00:13:47.869-03:00  INFO 30560 --- [amazonas-e-commerce] [main] o.s.b.w.embedded.tomcat.TomcatWebServer  : Tomcat started on port 3001 (http) with context path '/'
2025-06-18T00:13:47.874-03:00  INFO 30560 --- [amazonas-e-commerce] [main] c.a.a.AmazonasECommerceApplication       : Started AmazonasECommerceApplication in 2.784 seconds (process running for 2.973)
2025-06-18T00:13:51.314-03:00  INFO 30560 --- [amazonas-e-commerce] [http-nio-3001-exec-4] o.a.c.c.C.[Tomcat].[localhost].[/]       : Initializing Spring DispatcherServlet 'dispatcherServlet'
2025-06-18T00:13:51.316-03:00  INFO 30560 --- [amazonas-e-commerce] [http-nio-3001-exec-4] o.s.web.servlet.DispatcherServlet        : Initializing Servlet 'dispatcherServlet'
2025-06-18T00:13:51.316-03:00  INFO 30560 --- [amazonas-e-commerce] [http-nio-3001-exec-4] o.s.web.servlet.DispatcherServlet        : Completed initialization in 0 ms
2025-06-18T00:19:19.523-03:00  INFO 30560 --- [amazonas-e-commerce] [SpringApplicationShutdownHook] o.s.b.w.e.tomcat.GracefulShutdown        : Commencing graceful shutdown. Waiting for active requests to complete
2025-06-18T00:19:19.662-03:00  INFO 30560 --- [amazonas-e-commerce] [tomcat-shutdown] o.s.b.w.e.tomcat.GracefulShutdown        : Graceful shutdown complete
2025-06-18T00:19:19.666-03:00  INFO 30560 --- [amazonas-e-commerce] [SpringApplicationShutdownHook] j.LocalContainerEntityManagerFactoryBean : Closing JPA EntityManagerFactory for persistence unit 'default'
2025-06-18T00:19:19.667-03:00  INFO 30560 --- [amazonas-e-commerce] [SpringApplicationShutdownHook] com.zaxxer.hikari.HikariDataSource       : HikariPool-1 - Shutdown initiated...
2025-06-18T00:19:19.671-03:00  INFO 30560 --- [amazonas-e-commerce] [SpringApplicationShutdownHook] com.zaxxer.hikari.HikariDataSource       : HikariPool-1 - Shutdown completed.
2025-06-18T00:19:23.986-03:00  INFO 16376 --- [amazonas-e-commerce] [main] c.a.a.AmazonasECommerceApplication       : Starting AmazonasECommerceApplication using Java 17.0.12 with PID 16376 (C:\01.ESCRITORIO_DISC_C\UADE\SEGUNDO ANIO\1ER CUATRI 2025\APLICACIONES INTERACTIVAS\proyecto-final-APIS\Proyecto-Final-e-commerce\PF_API_e-commerce\Backend\target\classes started by Mateo in C:\01.ESCRITORIO_DISC_C\UADE\SEGUNDO ANIO\1ER CUATRI 2025\APLICACIONES INTERACTIVAS\proyecto-final-APIS\Proyecto-Final-e-commerce\PF_API_e-commerce\Backend)
2025-06-18T00:19:23.988-03:00  INFO 16376 --- [amazonas-e-commerce] [main] c.a.a.AmazonasECommerceApplication       : No active profile set, falling back to 1 default profile: "default"
2025-06-18T00:19:24.378-03:00  INFO 16376 --- [amazonas-e-commerce] [main] .s.d.r.c.RepositoryConfigurationDelegate : Bootstrapping Spring Data JPA repositories in DEFAULT mode.
2025-06-18T00:19:24.421-03:00  INFO 16376 --- [amazonas-e-commerce] [main] .s.d.r.c.RepositoryConfigurationDelegate : Finished Spring Data repository scanning in 36 ms. Found 2 JPA repository interfaces.
2025-06-18T00:19:24.747-03:00  INFO 16376 --- [amazonas-e-commerce] [main] o.s.b.w.embedded.tomcat.TomcatWebServer  : Tomcat initialized with port 3001 (http)
2025-06-18T00:19:24.756-03:00  INFO 16376 --- [amazonas-e-commerce] [main] o.apache.catalina.core.StandardService   : Starting service [Tomcat]
2025-06-18T00:19:24.756-03:00  INFO 16376 --- [amazonas-e-commerce] [main] o.apache.catalina.core.StandardEngine    : Starting Servlet engine: [Apache Tomcat/10.1.41]
2025-06-18T00:19:24.794-03:00  INFO 16376 --- [amazonas-e-commerce] [main] o.a.c.c.C.[Tomcat].[localhost].[/]       : Initializing Spring embedded WebApplicationContext
2025-06-18T00:19:24.794-03:00  INFO 16376 --- [amazonas-e-commerce] [main] w.s.c.ServletWebServerApplicationContext : Root WebApplicationContext: initialization completed in 780 ms
2025-06-18T00:19:24.879-03:00  INFO 16376 --- [amazonas-e-commerce] [main] o.hibernate.jpa.internal.util.LogHelper  : HHH000204: Processing PersistenceUnitInfo [name: default]
2025-06-18T00:19:24.908-03:00  INFO 16376 --- [amazonas-e-commerce] [main] org.hibernate.Version                    : HHH000412: Hibernate ORM core version 6.6.15.Final
2025-06-18T00:19:24.929-03:00  INFO 16376 --- [amazonas-e-commerce] [main] o.h.c.internal.RegionFactoryInitiator    : HHH000026: Second-level cache disabled
2025-06-18T00:19:25.091-03:00  INFO 16376 --- [amazonas-e-commerce] [main] o.s.o.j.p.SpringPersistenceUnitInfo      : No LoadTimeWeaver setup: ignoring JPA class transformer
2025-06-18T00:19:25.113-03:00  INFO 16376 --- [amazonas-e-commerce] [main] com.zaxxer.hikari.HikariDataSource       : HikariPool-1 - Starting...
2025-06-18T00:19:25.314-03:00  INFO 16376 --- [amazonas-e-commerce] [main] com.zaxxer.hikari.pool.HikariPool        : HikariPool-1 - Added connection com.mysql.cj.jdbc.ConnectionImpl@22e813fc
2025-06-18T00:19:25.316-03:00  INFO 16376 --- [amazonas-e-commerce] [main] com.zaxxer.hikari.HikariDataSource       : HikariPool-1 - Start completed.
2025-06-18T00:19:25.345-03:00  WARN 16376 --- [amazonas-e-commerce] [main] org.hibernate.orm.deprecation            : HHH90000025: MySQL8Dialect does not need to be specified explicitly using 'hibernate.dialect' (remove the property setting and it will be selected by default)
2025-06-18T00:19:25.345-03:00  WARN 16376 --- [amazonas-e-commerce] [main] org.hibernate.orm.deprecation            : HHH90000026: MySQL8Dialect has been deprecated; use org.hibernate.dialect.MySQLDialect instead
2025-06-18T00:19:25.359-03:00  INFO 16376 --- [amazonas-e-commerce] [main] org.hibernate.orm.connections.pooling    : HHH10001005: Database info:
	Database JDBC URL [Connecting through datasource 'HikariDataSource (HikariPool-1)']
	Database driver: undefined/unknown
	Database version: 8.0
	Autocommit mode: undefined/unknown
	Isolation level: undefined/unknown
	Minimum pool size: undefined/unknown
	Maximum pool size: undefined/unknown
2025-06-18T00:19:25.840-03:00  INFO 16376 --- [amazonas-e-commerce] [main] o.h.e.t.j.p.i.JtaPlatformInitiator       : HHH000489: No JTA platform available (set 'hibernate.transaction.jta.platform' to enable JTA platform integration)
2025-06-18T00:19:25.905-03:00  INFO 16376 --- [amazonas-e-commerce] [main] j.LocalContainerEntityManagerFactoryBean : Initialized JPA EntityManagerFactory for persistence unit 'default'
2025-06-18T00:19:26.199-03:00  INFO 16376 --- [amazonas-e-commerce] [main] eAuthenticationProviderManagerConfigurer : Global AuthenticationManager configured with AuthenticationProvider bean with name authenticationProvider
2025-06-18T00:19:26.201-03:00  WARN 16376 --- [amazonas-e-commerce] [main] r$InitializeUserDetailsManagerConfigurer : Global AuthenticationManager configured with an AuthenticationProvider bean. UserDetailsService beans will not be used by Spring Security for automatically configuring username/password login. Consider removing the AuthenticationProvider bean. Alternatively, consider using the UserDetailsService in a manually instantiated DaoAuthenticationProvider. If the current configuration is intentional, to turn off this warning, increase the logging level of 'org.springframework.security.config.annotation.authentication.configuration.InitializeUserDetailsBeanManagerConfigurer' to ERROR
2025-06-18T00:19:26.217-03:00  WARN 16376 --- [amazonas-e-commerce] [main] JpaBaseConfiguration$JpaWebConfiguration : spring.jpa.open-in-view is enabled by default. Therefore, database queries may be performed during view rendering. Explicitly configure spring.jpa.open-in-view to disable this warning
2025-06-18T00:19:26.499-03:00  INFO 16376 --- [amazonas-e-commerce] [main] o.s.b.w.embedded.tomcat.TomcatWebServer  : Tomcat started on port 3001 (http) with context path '/'
2025-06-18T00:19:26.505-03:00  INFO 16376 --- [amazonas-e-commerce] [main] c.a.a.AmazonasECommerceApplication       : Started AmazonasECommerceApplication in 2.797 seconds (process running for 2.969)
2025-06-18T00:19:30.511-03:00  INFO 16376 --- [amazonas-e-commerce] [http-nio-3001-exec-1] o.a.c.c.C.[Tomcat].[localhost].[/]       : Initializing Spring DispatcherServlet 'dispatcherServlet'
2025-06-18T00:19:30.511-03:00  INFO 16376 --- [amazonas-e-commerce] [http-nio-3001-exec-1] o.s.web.servlet.DispatcherServlet        : Initializing Servlet 'dispatcherServlet'
2025-06-18T00:19:30.512-03:00  INFO 16376 --- [amazonas-e-commerce] [http-nio-3001-exec-1] o.s.web.servlet.DispatcherServlet        : Completed initialization in 0 ms
2025-06-18T00:26:28.138-03:00  INFO 16376 --- [amazonas-e-commerce] [SpringApplicationShutdownHook] o.s.b.w.e.tomcat.GracefulShutdown        : Commencing graceful shutdown. Waiting for active requests to complete
2025-06-18T00:26:28.288-03:00  INFO 16376 --- [amazonas-e-commerce] [tomcat-shutdown] o.s.b.w.e.tomcat.GracefulShutdown        : Graceful shutdown complete
2025-06-18T00:26:28.291-03:00  INFO 16376 --- [amazonas-e-commerce] [SpringApplicationShutdownHook] j.LocalContainerEntityManagerFactoryBean : Closing JPA EntityManagerFactory for persistence unit 'default'
2025-06-18T00:26:28.293-03:00  INFO 16376 --- [amazonas-e-commerce] [SpringApplicationShutdownHook] com.zaxxer.hikari.HikariDataSource       : HikariPool-1 - Shutdown initiated...
2025-06-18T00:26:28.296-03:00  INFO 16376 --- [amazonas-e-commerce] [SpringApplicationShutdownHook] com.zaxxer.hikari.HikariDataSource       : HikariPool-1 - Shutdown completed.
2025-06-18T00:26:32.817-03:00  INFO 10820 --- [amazonas-e-commerce] [main] c.a.a.AmazonasECommerceApplication       : Starting AmazonasECommerceApplication using Java 17.0.12 with PID 10820 (C:\01.ESCRITORIO_DISC_C\UADE\SEGUNDO ANIO\1ER CUATRI 2025\APLICACIONES INTERACTIVAS\proyecto-final-APIS\Proyecto-Final-e-commerce\PF_API_e-commerce\Backend\target\classes started by Mateo in C:\01.ESCRITORIO_DISC_C\UADE\SEGUNDO ANIO\1ER CUATRI 2025\APLICACIONES INTERACTIVAS\proyecto-final-APIS\Proyecto-Final-e-commerce\PF_API_e-commerce\Backend)
2025-06-18T00:26:32.818-03:00  INFO 10820 --- [amazonas-e-commerce] [main] c.a.a.AmazonasECommerceApplication       : No active profile set, falling back to 1 default profile: "default"
2025-06-18T00:26:33.220-03:00  INFO 10820 --- [amazonas-e-commerce] [main] .s.d.r.c.RepositoryConfigurationDelegate : Bootstrapping Spring Data JPA repositories in DEFAULT mode.
2025-06-18T00:26:33.267-03:00  INFO 10820 --- [amazonas-e-commerce] [main] .s.d.r.c.RepositoryConfigurationDelegate : Finished Spring Data repository scanning in 40 ms. Found 2 JPA repository interfaces.
2025-06-18T00:26:33.639-03:00  INFO 10820 --- [amazonas-e-commerce] [main] o.s.b.w.embedded.tomcat.TomcatWebServer  : Tomcat initialized with port 3001 (http)
2025-06-18T00:26:33.655-03:00  INFO 10820 --- [amazonas-e-commerce] [main] o.apache.catalina.core.StandardService   : Starting service [Tomcat]
2025-06-18T00:26:33.657-03:00  INFO 10820 --- [amazonas-e-commerce] [main] o.apache.catalina.core.StandardEngine    : Starting Servlet engine: [Apache Tomcat/10.1.41]
2025-06-18T00:26:33.697-03:00  INFO 10820 --- [amazonas-e-commerce] [main] o.a.c.c.C.[Tomcat].[localhost].[/]       : Initializing Spring embedded WebApplicationContext
2025-06-18T00:26:33.698-03:00  INFO 10820 --- [amazonas-e-commerce] [main] w.s.c.ServletWebServerApplicationContext : Root WebApplicationContext: initialization completed in 852 ms
2025-06-18T00:26:33.795-03:00  INFO 10820 --- [amazonas-e-commerce] [main] o.hibernate.jpa.internal.util.LogHelper  : HHH000204: Processing PersistenceUnitInfo [name: default]
2025-06-18T00:26:33.826-03:00  INFO 10820 --- [amazonas-e-commerce] [main] org.hibernate.Version                    : HHH000412: Hibernate ORM core version 6.6.15.Final
2025-06-18T00:26:33.847-03:00  INFO 10820 --- [amazonas-e-commerce] [main] o.h.c.internal.RegionFactoryInitiator    : HHH000026: Second-level cache disabled
2025-06-18T00:26:34.008-03:00  INFO 10820 --- [amazonas-e-commerce] [main] o.s.o.j.p.SpringPersistenceUnitInfo      : No LoadTimeWeaver setup: ignoring JPA class transformer
2025-06-18T00:26:34.026-03:00  INFO 10820 --- [amazonas-e-commerce] [main] com.zaxxer.hikari.HikariDataSource       : HikariPool-1 - Starting...
2025-06-18T00:26:34.230-03:00  INFO 10820 --- [amazonas-e-commerce] [main] com.zaxxer.hikari.pool.HikariPool        : HikariPool-1 - Added connection com.mysql.cj.jdbc.ConnectionImpl@213012a0
2025-06-18T00:26:34.231-03:00  INFO 10820 --- [amazonas-e-commerce] [main] com.zaxxer.hikari.HikariDataSource       : HikariPool-1 - Start completed.
2025-06-18T00:26:34.279-03:00  WARN 10820 --- [amazonas-e-commerce] [main] org.hibernate.orm.deprecation            : HHH90000025: MySQL8Dialect does not need to be specified explicitly using 'hibernate.dialect' (remove the property setting and it will be selected by default)
2025-06-18T00:26:34.280-03:00  WARN 10820 --- [amazonas-e-commerce] [main] org.hibernate.orm.deprecation            : HHH90000026: MySQL8Dialect has been deprecated; use org.hibernate.dialect.MySQLDialect instead
2025-06-18T00:26:34.293-03:00  INFO 10820 --- [amazonas-e-commerce] [main] org.hibernate.orm.connections.pooling    : HHH10001005: Database info:
	Database JDBC URL [Connecting through datasource 'HikariDataSource (HikariPool-1)']
	Database driver: undefined/unknown
	Database version: 8.0
	Autocommit mode: undefined/unknown
	Isolation level: undefined/unknown
	Minimum pool size: undefined/unknown
	Maximum pool size: undefined/unknown
2025-06-18T00:26:34.837-03:00  INFO 10820 --- [amazonas-e-commerce] [main] o.h.e.t.j.p.i.JtaPlatformInitiator       : HHH000489: No JTA platform available (set 'hibernate.transaction.jta.platform' to enable JTA platform integration)
2025-06-18T00:26:34.881-03:00  INFO 10820 --- [amazonas-e-commerce] [main] j.LocalContainerEntityManagerFactoryBean : Initialized JPA EntityManagerFactory for persistence unit 'default'
2025-06-18T00:26:35.153-03:00  INFO 10820 --- [amazonas-e-commerce] [main] eAuthenticationProviderManagerConfigurer : Global AuthenticationManager configured with AuthenticationProvider bean with name authenticationProvider
2025-06-18T00:26:35.154-03:00  WARN 10820 --- [amazonas-e-commerce] [main] r$InitializeUserDetailsManagerConfigurer : Global AuthenticationManager configured with an AuthenticationProvider bean. UserDetailsService beans will not be used by Spring Security for automatically configuring username/password login. Consider removing the AuthenticationProvider bean. Alternatively, consider using the UserDetailsService in a manually instantiated DaoAuthenticationProvider. If the current configuration is intentional, to turn off this warning, increase the logging level of 'org.springframework.security.config.annotation.authentication.configuration.InitializeUserDetailsBeanManagerConfigurer' to ERROR
2025-06-18T00:26:35.170-03:00  WARN 10820 --- [amazonas-e-commerce] [main] JpaBaseConfiguration$JpaWebConfiguration : spring.jpa.open-in-view is enabled by default. Therefore, database queries may be performed during view rendering. Explicitly configure spring.jpa.open-in-view to disable this warning
2025-06-18T00:26:35.489-03:00  INFO 10820 --- [amazonas-e-commerce] [main] o.s.b.w.embedded.tomcat.TomcatWebServer  : Tomcat started on port 3001 (http) with context path '/'
2025-06-18T00:26:35.494-03:00  INFO 10820 --- [amazonas-e-commerce] [main] c.a.a.AmazonasECommerceApplication       : Started AmazonasECommerceApplication in 2.965 seconds (process running for 3.148)
2025-06-18T00:26:38.327-03:00  INFO 10820 --- [amazonas-e-commerce] [http-nio-3001-exec-1] o.a.c.c.C.[Tomcat].[localhost].[/]       : Initializing Spring DispatcherServlet 'dispatcherServlet'
2025-06-18T00:26:38.327-03:00  INFO 10820 --- [amazonas-e-commerce] [http-nio-3001-exec-1] o.s.web.servlet.DispatcherServlet        : Initializing Servlet 'dispatcherServlet'
2025-06-18T00:26:38.329-03:00  INFO 10820 --- [amazonas-e-commerce] [http-nio-3001-exec-1] o.s.web.servlet.DispatcherServlet        : Completed initialization in 2 ms
2025-06-18T00:30:49.542-03:00  INFO 10820 --- [amazonas-e-commerce] [SpringApplicationShutdownHook] o.s.b.w.e.tomcat.GracefulShutdown        : Commencing graceful shutdown. Waiting for active requests to complete
2025-06-18T00:30:49.684-03:00  INFO 10820 --- [amazonas-e-commerce] [tomcat-shutdown] o.s.b.w.e.tomcat.GracefulShutdown        : Graceful shutdown complete
2025-06-18T00:30:49.686-03:00  INFO 10820 --- [amazonas-e-commerce] [SpringApplicationShutdownHook] j.LocalContainerEntityManagerFactoryBean : Closing JPA EntityManagerFactory for persistence unit 'default'
2025-06-18T00:30:49.687-03:00  INFO 10820 --- [amazonas-e-commerce] [SpringApplicationShutdownHook] com.zaxxer.hikari.HikariDataSource       : HikariPool-1 - Shutdown initiated...
2025-06-18T00:30:49.691-03:00  INFO 10820 --- [amazonas-e-commerce] [SpringApplicationShutdownHook] com.zaxxer.hikari.HikariDataSource       : HikariPool-1 - Shutdown completed.
2025-06-18T00:30:54.624-03:00  INFO 19428 --- [amazonas-e-commerce] [main] c.a.a.AmazonasECommerceApplication       : Starting AmazonasECommerceApplication using Java 17.0.12 with PID 19428 (C:\01.ESCRITORIO_DISC_C\UADE\SEGUNDO ANIO\1ER CUATRI 2025\APLICACIONES INTERACTIVAS\proyecto-final-APIS\Proyecto-Final-e-commerce\PF_API_e-commerce\Backend\target\classes started by Mateo in C:\01.ESCRITORIO_DISC_C\UADE\SEGUNDO ANIO\1ER CUATRI 2025\APLICACIONES INTERACTIVAS\proyecto-final-APIS\Proyecto-Final-e-commerce\PF_API_e-commerce\Backend)
2025-06-18T00:30:54.626-03:00  INFO 19428 --- [amazonas-e-commerce] [main] c.a.a.AmazonasECommerceApplication       : No active profile set, falling back to 1 default profile: "default"
2025-06-18T00:30:55.030-03:00  INFO 19428 --- [amazonas-e-commerce] [main] .s.d.r.c.RepositoryConfigurationDelegate : Bootstrapping Spring Data JPA repositories in DEFAULT mode.
2025-06-18T00:30:55.074-03:00  INFO 19428 --- [amazonas-e-commerce] [main] .s.d.r.c.RepositoryConfigurationDelegate : Finished Spring Data repository scanning in 39 ms. Found 2 JPA repository interfaces.
2025-06-18T00:30:55.419-03:00  INFO 19428 --- [amazonas-e-commerce] [main] o.s.b.w.embedded.tomcat.TomcatWebServer  : Tomcat initialized with port 3001 (http)
2025-06-18T00:30:55.429-03:00  INFO 19428 --- [amazonas-e-commerce] [main] o.apache.catalina.core.StandardService   : Starting service [Tomcat]
2025-06-18T00:30:55.429-03:00  INFO 19428 --- [amazonas-e-commerce] [main] o.apache.catalina.core.StandardEngine    : Starting Servlet engine: [Apache Tomcat/10.1.41]
2025-06-18T00:30:55.467-03:00  INFO 19428 --- [amazonas-e-commerce] [main] o.a.c.c.C.[Tomcat].[localhost].[/]       : Initializing Spring embedded WebApplicationContext
2025-06-18T00:30:55.468-03:00  INFO 19428 --- [amazonas-e-commerce] [main] w.s.c.ServletWebServerApplicationContext : Root WebApplicationContext: initialization completed in 814 ms
2025-06-18T00:30:55.555-03:00  INFO 19428 --- [amazonas-e-commerce] [main] o.hibernate.jpa.internal.util.LogHelper  : HHH000204: Processing PersistenceUnitInfo [name: default]
2025-06-18T00:30:55.584-03:00  INFO 19428 --- [amazonas-e-commerce] [main] org.hibernate.Version                    : HHH000412: Hibernate ORM core version 6.6.15.Final
2025-06-18T00:30:55.607-03:00  INFO 19428 --- [amazonas-e-commerce] [main] o.h.c.internal.RegionFactoryInitiator    : HHH000026: Second-level cache disabled
2025-06-18T00:30:55.769-03:00  INFO 19428 --- [amazonas-e-commerce] [main] o.s.o.j.p.SpringPersistenceUnitInfo      : No LoadTimeWeaver setup: ignoring JPA class transformer
2025-06-18T00:30:55.786-03:00  INFO 19428 --- [amazonas-e-commerce] [main] com.zaxxer.hikari.HikariDataSource       : HikariPool-1 - Starting...
2025-06-18T00:30:56.002-03:00  INFO 19428 --- [amazonas-e-commerce] [main] com.zaxxer.hikari.pool.HikariPool        : HikariPool-1 - Added connection com.mysql.cj.jdbc.ConnectionImpl@433d93e7
2025-06-18T00:30:56.004-03:00  INFO 19428 --- [amazonas-e-commerce] [main] com.zaxxer.hikari.HikariDataSource       : HikariPool-1 - Start completed.
2025-06-18T00:30:56.055-03:00  WARN 19428 --- [amazonas-e-commerce] [main] org.hibernate.orm.deprecation            : HHH90000025: MySQL8Dialect does not need to be specified explicitly using 'hibernate.dialect' (remove the property setting and it will be selected by default)
2025-06-18T00:30:56.056-03:00  WARN 19428 --- [amazonas-e-commerce] [main] org.hibernate.orm.deprecation            : HHH90000026: MySQL8Dialect has been deprecated; use org.hibernate.dialect.MySQLDialect instead
2025-06-18T00:30:56.075-03:00  INFO 19428 --- [amazonas-e-commerce] [main] org.hibernate.orm.connections.pooling    : HHH10001005: Database info:
	Database JDBC URL [Connecting through datasource 'HikariDataSource (HikariPool-1)']
	Database driver: undefined/unknown
	Database version: 8.0
	Autocommit mode: undefined/unknown
	Isolation level: undefined/unknown
	Minimum pool size: undefined/unknown
	Maximum pool size: undefined/unknown
2025-06-18T00:30:56.598-03:00  INFO 19428 --- [amazonas-e-commerce] [main] o.h.e.t.j.p.i.JtaPlatformInitiator       : HHH000489: No JTA platform available (set 'hibernate.transaction.jta.platform' to enable JTA platform integration)
2025-06-18T00:30:56.689-03:00  INFO 19428 --- [amazonas-e-commerce] [main] j.LocalContainerEntityManagerFactoryBean : Initialized JPA EntityManagerFactory for persistence unit 'default'
2025-06-18T00:30:56.932-03:00  INFO 19428 --- [amazonas-e-commerce] [main] eAuthenticationProviderManagerConfigurer : Global AuthenticationManager configured with AuthenticationProvider bean with name authenticationProvider
2025-06-18T00:30:56.932-03:00  WARN 19428 --- [amazonas-e-commerce] [main] r$InitializeUserDetailsManagerConfigurer : Global AuthenticationManager configured with an AuthenticationProvider bean. UserDetailsService beans will not be used by Spring Security for automatically configuring username/password login. Consider removing the AuthenticationProvider bean. Alternatively, consider using the UserDetailsService in a manually instantiated DaoAuthenticationProvider. If the current configuration is intentional, to turn off this warning, increase the logging level of 'org.springframework.security.config.annotation.authentication.configuration.InitializeUserDetailsBeanManagerConfigurer' to ERROR
2025-06-18T00:30:56.947-03:00  WARN 19428 --- [amazonas-e-commerce] [main] JpaBaseConfiguration$JpaWebConfiguration : spring.jpa.open-in-view is enabled by default. Therefore, database queries may be performed during view rendering. Explicitly configure spring.jpa.open-in-view to disable this warning
2025-06-18T00:30:57.225-03:00  INFO 19428 --- [amazonas-e-commerce] [main] o.s.b.w.embedded.tomcat.TomcatWebServer  : Tomcat started on port 3001 (http) with context path '/'
2025-06-18T00:30:57.230-03:00  INFO 19428 --- [amazonas-e-commerce] [main] c.a.a.AmazonasECommerceApplication       : Started AmazonasECommerceApplication in 2.882 seconds (process running for 3.058)
2025-06-18T00:31:04.091-03:00  INFO 19428 --- [amazonas-e-commerce] [http-nio-3001-exec-1] o.a.c.c.C.[Tomcat].[localhost].[/]       : Initializing Spring DispatcherServlet 'dispatcherServlet'
2025-06-18T00:31:04.091-03:00  INFO 19428 --- [amazonas-e-commerce] [http-nio-3001-exec-1] o.s.web.servlet.DispatcherServlet        : Initializing Servlet 'dispatcherServlet'
2025-06-18T00:31:04.092-03:00  INFO 19428 --- [amazonas-e-commerce] [http-nio-3001-exec-1] o.s.web.servlet.DispatcherServlet        : Completed initialization in 1 ms
2025-06-18T00:34:26.308-03:00  INFO 19428 --- [amazonas-e-commerce] [SpringApplicationShutdownHook] o.s.b.w.e.tomcat.GracefulShutdown        : Commencing graceful shutdown. Waiting for active requests to complete
2025-06-18T00:34:26.449-03:00  INFO 19428 --- [amazonas-e-commerce] [tomcat-shutdown] o.s.b.w.e.tomcat.GracefulShutdown        : Graceful shutdown complete
2025-06-18T00:34:26.451-03:00  INFO 19428 --- [amazonas-e-commerce] [SpringApplicationShutdownHook] j.LocalContainerEntityManagerFactoryBean : Closing JPA EntityManagerFactory for persistence unit 'default'
2025-06-18T00:34:26.452-03:00  INFO 19428 --- [amazonas-e-commerce] [SpringApplicationShutdownHook] com.zaxxer.hikari.HikariDataSource       : HikariPool-1 - Shutdown initiated...
2025-06-18T00:34:26.456-03:00  INFO 19428 --- [amazonas-e-commerce] [SpringApplicationShutdownHook] com.zaxxer.hikari.HikariDataSource       : HikariPool-1 - Shutdown completed.
2025-06-18T00:34:30.954-03:00  INFO 27928 --- [amazonas-e-commerce] [main] c.a.a.AmazonasECommerceApplication       : Starting AmazonasECommerceApplication using Java 17.0.12 with PID 27928 (C:\01.ESCRITORIO_DISC_C\UADE\SEGUNDO ANIO\1ER CUATRI 2025\APLICACIONES INTERACTIVAS\proyecto-final-APIS\Proyecto-Final-e-commerce\PF_API_e-commerce\Backend\target\classes started by Mateo in C:\01.ESCRITORIO_DISC_C\UADE\SEGUNDO ANIO\1ER CUATRI 2025\APLICACIONES INTERACTIVAS\proyecto-final-APIS\Proyecto-Final-e-commerce\PF_API_e-commerce\Backend)
2025-06-18T00:34:30.955-03:00  INFO 27928 --- [amazonas-e-commerce] [main] c.a.a.AmazonasECommerceApplication       : No active profile set, falling back to 1 default profile: "default"
2025-06-18T00:34:31.331-03:00  INFO 27928 --- [amazonas-e-commerce] [main] .s.d.r.c.RepositoryConfigurationDelegate : Bootstrapping Spring Data JPA repositories in DEFAULT mode.
2025-06-18T00:34:31.373-03:00  INFO 27928 --- [amazonas-e-commerce] [main] .s.d.r.c.RepositoryConfigurationDelegate : Finished Spring Data repository scanning in 36 ms. Found 2 JPA repository interfaces.
2025-06-18T00:34:31.694-03:00  INFO 27928 --- [amazonas-e-commerce] [main] o.s.b.w.embedded.tomcat.TomcatWebServer  : Tomcat initialized with port 3001 (http)
2025-06-18T00:34:31.702-03:00  INFO 27928 --- [amazonas-e-commerce] [main] o.apache.catalina.core.StandardService   : Starting service [Tomcat]
2025-06-18T00:34:31.703-03:00  INFO 27928 --- [amazonas-e-commerce] [main] o.apache.catalina.core.StandardEngine    : Starting Servlet engine: [Apache Tomcat/10.1.41]
2025-06-18T00:34:31.738-03:00  INFO 27928 --- [amazonas-e-commerce] [main] o.a.c.c.C.[Tomcat].[localhost].[/]       : Initializing Spring embedded WebApplicationContext
2025-06-18T00:34:31.738-03:00  INFO 27928 --- [amazonas-e-commerce] [main] w.s.c.ServletWebServerApplicationContext : Root WebApplicationContext: initialization completed in 757 ms
2025-06-18T00:34:31.827-03:00  INFO 27928 --- [amazonas-e-commerce] [main] o.hibernate.jpa.internal.util.LogHelper  : HHH000204: Processing PersistenceUnitInfo [name: default]
2025-06-18T00:34:31.860-03:00  INFO 27928 --- [amazonas-e-commerce] [main] org.hibernate.Version                    : HHH000412: Hibernate ORM core version 6.6.15.Final
2025-06-18T00:34:31.886-03:00  INFO 27928 --- [amazonas-e-commerce] [main] o.h.c.internal.RegionFactoryInitiator    : HHH000026: Second-level cache disabled
2025-06-18T00:34:32.041-03:00  INFO 27928 --- [amazonas-e-commerce] [main] o.s.o.j.p.SpringPersistenceUnitInfo      : No LoadTimeWeaver setup: ignoring JPA class transformer
2025-06-18T00:34:32.060-03:00  INFO 27928 --- [amazonas-e-commerce] [main] com.zaxxer.hikari.HikariDataSource       : HikariPool-1 - Starting...
2025-06-18T00:34:32.241-03:00  INFO 27928 --- [amazonas-e-commerce] [main] com.zaxxer.hikari.pool.HikariPool        : HikariPool-1 - Added connection com.mysql.cj.jdbc.ConnectionImpl@22e813fc
2025-06-18T00:34:32.243-03:00  INFO 27928 --- [amazonas-e-commerce] [main] com.zaxxer.hikari.HikariDataSource       : HikariPool-1 - Start completed.
2025-06-18T00:34:32.271-03:00  WARN 27928 --- [amazonas-e-commerce] [main] org.hibernate.orm.deprecation            : HHH90000025: MySQL8Dialect does not need to be specified explicitly using 'hibernate.dialect' (remove the property setting and it will be selected by default)
2025-06-18T00:34:32.274-03:00  WARN 27928 --- [amazonas-e-commerce] [main] org.hibernate.orm.deprecation            : HHH90000026: MySQL8Dialect has been deprecated; use org.hibernate.dialect.MySQLDialect instead
2025-06-18T00:34:32.288-03:00  INFO 27928 --- [amazonas-e-commerce] [main] org.hibernate.orm.connections.pooling    : HHH10001005: Database info:
	Database JDBC URL [Connecting through datasource 'HikariDataSource (HikariPool-1)']
	Database driver: undefined/unknown
	Database version: 8.0
	Autocommit mode: undefined/unknown
	Isolation level: undefined/unknown
	Minimum pool size: undefined/unknown
	Maximum pool size: undefined/unknown
2025-06-18T00:34:32.792-03:00  INFO 27928 --- [amazonas-e-commerce] [main] o.h.e.t.j.p.i.JtaPlatformInitiator       : HHH000489: No JTA platform available (set 'hibernate.transaction.jta.platform' to enable JTA platform integration)
2025-06-18T00:34:32.827-03:00  INFO 27928 --- [amazonas-e-commerce] [main] j.LocalContainerEntityManagerFactoryBean : Initialized JPA EntityManagerFactory for persistence unit 'default'
2025-06-18T00:34:33.053-03:00  INFO 27928 --- [amazonas-e-commerce] [main] eAuthenticationProviderManagerConfigurer : Global AuthenticationManager configured with AuthenticationProvider bean with name authenticationProvider
2025-06-18T00:34:33.054-03:00  WARN 27928 --- [amazonas-e-commerce] [main] r$InitializeUserDetailsManagerConfigurer : Global AuthenticationManager configured with an AuthenticationProvider bean. UserDetailsService beans will not be used by Spring Security for automatically configuring username/password login. Consider removing the AuthenticationProvider bean. Alternatively, consider using the UserDetailsService in a manually instantiated DaoAuthenticationProvider. If the current configuration is intentional, to turn off this warning, increase the logging level of 'org.springframework.security.config.annotation.authentication.configuration.InitializeUserDetailsBeanManagerConfigurer' to ERROR
2025-06-18T00:34:33.068-03:00  WARN 27928 --- [amazonas-e-commerce] [main] JpaBaseConfiguration$JpaWebConfiguration : spring.jpa.open-in-view is enabled by default. Therefore, database queries may be performed during view rendering. Explicitly configure spring.jpa.open-in-view to disable this warning
2025-06-18T00:34:33.336-03:00  INFO 27928 --- [amazonas-e-commerce] [main] o.s.b.w.embedded.tomcat.TomcatWebServer  : Tomcat started on port 3001 (http) with context path '/'
2025-06-18T00:34:33.342-03:00  INFO 27928 --- [amazonas-e-commerce] [main] c.a.a.AmazonasECommerceApplication       : Started AmazonasECommerceApplication in 2.689 seconds (process running for 2.864)
2025-06-18T00:34:36.543-03:00  INFO 27928 --- [amazonas-e-commerce] [http-nio-3001-exec-1] o.a.c.c.C.[Tomcat].[localhost].[/]       : Initializing Spring DispatcherServlet 'dispatcherServlet'
2025-06-18T00:34:36.543-03:00  INFO 27928 --- [amazonas-e-commerce] [http-nio-3001-exec-1] o.s.web.servlet.DispatcherServlet        : Initializing Servlet 'dispatcherServlet'
2025-06-18T00:34:36.543-03:00  INFO 27928 --- [amazonas-e-commerce] [http-nio-3001-exec-1] o.s.web.servlet.DispatcherServlet        : Completed initialization in 0 ms
2025-06-18T00:36:34.707-03:00  INFO 27928 --- [amazonas-e-commerce] [SpringApplicationShutdownHook] o.s.b.w.e.tomcat.GracefulShutdown        : Commencing graceful shutdown. Waiting for active requests to complete
2025-06-18T00:36:34.856-03:00  INFO 27928 --- [amazonas-e-commerce] [tomcat-shutdown] o.s.b.w.e.tomcat.GracefulShutdown        : Graceful shutdown complete
2025-06-18T00:36:34.864-03:00  INFO 27928 --- [amazonas-e-commerce] [SpringApplicationShutdownHook] j.LocalContainerEntityManagerFactoryBean : Closing JPA EntityManagerFactory for persistence unit 'default'
2025-06-18T00:36:34.865-03:00  INFO 27928 --- [amazonas-e-commerce] [SpringApplicationShutdownHook] com.zaxxer.hikari.HikariDataSource       : HikariPool-1 - Shutdown initiated...
2025-06-18T00:36:34.871-03:00  INFO 27928 --- [amazonas-e-commerce] [SpringApplicationShutdownHook] com.zaxxer.hikari.HikariDataSource       : HikariPool-1 - Shutdown completed.
2025-06-18T00:36:39.422-03:00  INFO 21968 --- [amazonas-e-commerce] [main] c.a.a.AmazonasECommerceApplication       : Starting AmazonasECommerceApplication using Java 17.0.12 with PID 21968 (C:\01.ESCRITORIO_DISC_C\UADE\SEGUNDO ANIO\1ER CUATRI 2025\APLICACIONES INTERACTIVAS\proyecto-final-APIS\Proyecto-Final-e-commerce\PF_API_e-commerce\Backend\target\classes started by Mateo in C:\01.ESCRITORIO_DISC_C\UADE\SEGUNDO ANIO\1ER CUATRI 2025\APLICACIONES INTERACTIVAS\proyecto-final-APIS\Proyecto-Final-e-commerce\PF_API_e-commerce\Backend)
2025-06-18T00:36:39.424-03:00  INFO 21968 --- [amazonas-e-commerce] [main] c.a.a.AmazonasECommerceApplication       : No active profile set, falling back to 1 default profile: "default"
2025-06-18T00:36:39.846-03:00  INFO 21968 --- [amazonas-e-commerce] [main] .s.d.r.c.RepositoryConfigurationDelegate : Bootstrapping Spring Data JPA repositories in DEFAULT mode.
2025-06-18T00:36:39.891-03:00  INFO 21968 --- [amazonas-e-commerce] [main] .s.d.r.c.RepositoryConfigurationDelegate : Finished Spring Data repository scanning in 39 ms. Found 2 JPA repository interfaces.
2025-06-18T00:36:40.232-03:00  INFO 21968 --- [amazonas-e-commerce] [main] o.s.b.w.embedded.tomcat.TomcatWebServer  : Tomcat initialized with port 3001 (http)
2025-06-18T00:36:40.241-03:00  INFO 21968 --- [amazonas-e-commerce] [main] o.apache.catalina.core.StandardService   : Starting service [Tomcat]
2025-06-18T00:36:40.241-03:00  INFO 21968 --- [amazonas-e-commerce] [main] o.apache.catalina.core.StandardEngine    : Starting Servlet engine: [Apache Tomcat/10.1.41]
2025-06-18T00:36:40.281-03:00  INFO 21968 --- [amazonas-e-commerce] [main] o.a.c.c.C.[Tomcat].[localhost].[/]       : Initializing Spring embedded WebApplicationContext
2025-06-18T00:36:40.281-03:00  INFO 21968 --- [amazonas-e-commerce] [main] w.s.c.ServletWebServerApplicationContext : Root WebApplicationContext: initialization completed in 830 ms
2025-06-18T00:36:40.368-03:00  INFO 21968 --- [amazonas-e-commerce] [main] o.hibernate.jpa.internal.util.LogHelper  : HHH000204: Processing PersistenceUnitInfo [name: default]
2025-06-18T00:36:40.397-03:00  INFO 21968 --- [amazonas-e-commerce] [main] org.hibernate.Version                    : HHH000412: Hibernate ORM core version 6.6.15.Final
2025-06-18T00:36:40.419-03:00  INFO 21968 --- [amazonas-e-commerce] [main] o.h.c.internal.RegionFactoryInitiator    : HHH000026: Second-level cache disabled
2025-06-18T00:36:40.587-03:00  INFO 21968 --- [amazonas-e-commerce] [main] o.s.o.j.p.SpringPersistenceUnitInfo      : No LoadTimeWeaver setup: ignoring JPA class transformer
2025-06-18T00:36:40.604-03:00  INFO 21968 --- [amazonas-e-commerce] [main] com.zaxxer.hikari.HikariDataSource       : HikariPool-1 - Starting...
2025-06-18T00:36:40.802-03:00  INFO 21968 --- [amazonas-e-commerce] [main] com.zaxxer.hikari.pool.HikariPool        : HikariPool-1 - Added connection com.mysql.cj.jdbc.ConnectionImpl@22e813fc
2025-06-18T00:36:40.804-03:00  INFO 21968 --- [amazonas-e-commerce] [main] com.zaxxer.hikari.HikariDataSource       : HikariPool-1 - Start completed.
2025-06-18T00:36:40.838-03:00  WARN 21968 --- [amazonas-e-commerce] [main] org.hibernate.orm.deprecation            : HHH90000025: MySQL8Dialect does not need to be specified explicitly using 'hibernate.dialect' (remove the property setting and it will be selected by default)
2025-06-18T00:36:40.839-03:00  WARN 21968 --- [amazonas-e-commerce] [main] org.hibernate.orm.deprecation            : HHH90000026: MySQL8Dialect has been deprecated; use org.hibernate.dialect.MySQLDialect instead
2025-06-18T00:36:40.852-03:00  INFO 21968 --- [amazonas-e-commerce] [main] org.hibernate.orm.connections.pooling    : HHH10001005: Database info:
	Database JDBC URL [Connecting through datasource 'HikariDataSource (HikariPool-1)']
	Database driver: undefined/unknown
	Database version: 8.0
	Autocommit mode: undefined/unknown
	Isolation level: undefined/unknown
	Minimum pool size: undefined/unknown
	Maximum pool size: undefined/unknown
2025-06-18T00:36:41.360-03:00  INFO 21968 --- [amazonas-e-commerce] [main] o.h.e.t.j.p.i.JtaPlatformInitiator       : HHH000489: No JTA platform available (set 'hibernate.transaction.jta.platform' to enable JTA platform integration)
2025-06-18T00:36:41.400-03:00  INFO 21968 --- [amazonas-e-commerce] [main] j.LocalContainerEntityManagerFactoryBean : Initialized JPA EntityManagerFactory for persistence unit 'default'
2025-06-18T00:36:41.642-03:00  INFO 21968 --- [amazonas-e-commerce] [main] eAuthenticationProviderManagerConfigurer : Global AuthenticationManager configured with AuthenticationProvider bean with name authenticationProvider
2025-06-18T00:36:41.643-03:00  WARN 21968 --- [amazonas-e-commerce] [main] r$InitializeUserDetailsManagerConfigurer : Global AuthenticationManager configured with an AuthenticationProvider bean. UserDetailsService beans will not be used by Spring Security for automatically configuring username/password login. Consider removing the AuthenticationProvider bean. Alternatively, consider using the UserDetailsService in a manually instantiated DaoAuthenticationProvider. If the current configuration is intentional, to turn off this warning, increase the logging level of 'org.springframework.security.config.annotation.authentication.configuration.InitializeUserDetailsBeanManagerConfigurer' to ERROR
2025-06-18T00:36:41.659-03:00  WARN 21968 --- [amazonas-e-commerce] [main] JpaBaseConfiguration$JpaWebConfiguration : spring.jpa.open-in-view is enabled by default. Therefore, database queries may be performed during view rendering. Explicitly configure spring.jpa.open-in-view to disable this warning
2025-06-18T00:36:41.948-03:00  INFO 21968 --- [amazonas-e-commerce] [main] o.s.b.w.embedded.tomcat.TomcatWebServer  : Tomcat started on port 3001 (http) with context path '/'
2025-06-18T00:36:41.954-03:00  INFO 21968 --- [amazonas-e-commerce] [main] c.a.a.AmazonasECommerceApplication       : Started AmazonasECommerceApplication in 2.813 seconds (process running for 3.005)
2025-06-18T00:36:44.623-03:00  INFO 21968 --- [amazonas-e-commerce] [http-nio-3001-exec-1] o.a.c.c.C.[Tomcat].[localhost].[/]       : Initializing Spring DispatcherServlet 'dispatcherServlet'
2025-06-18T00:36:44.624-03:00  INFO 21968 --- [amazonas-e-commerce] [http-nio-3001-exec-1] o.s.web.servlet.DispatcherServlet        : Initializing Servlet 'dispatcherServlet'
2025-06-18T00:36:44.625-03:00  INFO 21968 --- [amazonas-e-commerce] [http-nio-3001-exec-1] o.s.web.servlet.DispatcherServlet        : Completed initialization in 1 ms
2025-06-18T00:43:41.290-03:00  INFO 21968 --- [amazonas-e-commerce] [SpringApplicationShutdownHook] o.s.b.w.e.tomcat.GracefulShutdown        : Commencing graceful shutdown. Waiting for active requests to complete
2025-06-18T00:43:41.439-03:00  INFO 21968 --- [amazonas-e-commerce] [tomcat-shutdown] o.s.b.w.e.tomcat.GracefulShutdown        : Graceful shutdown complete
2025-06-18T00:43:41.441-03:00  INFO 21968 --- [amazonas-e-commerce] [SpringApplicationShutdownHook] j.LocalContainerEntityManagerFactoryBean : Closing JPA EntityManagerFactory for persistence unit 'default'
2025-06-18T00:43:41.443-03:00  INFO 21968 --- [amazonas-e-commerce] [SpringApplicationShutdownHook] com.zaxxer.hikari.HikariDataSource       : HikariPool-1 - Shutdown initiated...
2025-06-18T00:43:41.446-03:00  INFO 21968 --- [amazonas-e-commerce] [SpringApplicationShutdownHook] com.zaxxer.hikari.HikariDataSource       : HikariPool-1 - Shutdown completed.
2025-06-18T00:43:45.920-03:00  INFO 30640 --- [amazonas-e-commerce] [main] c.a.a.AmazonasECommerceApplication       : Starting AmazonasECommerceApplication using Java 17.0.12 with PID 30640 (C:\01.ESCRITORIO_DISC_C\UADE\SEGUNDO ANIO\1ER CUATRI 2025\APLICACIONES INTERACTIVAS\proyecto-final-APIS\Proyecto-Final-e-commerce\PF_API_e-commerce\Backend\target\classes started by Mateo in C:\01.ESCRITORIO_DISC_C\UADE\SEGUNDO ANIO\1ER CUATRI 2025\APLICACIONES INTERACTIVAS\proyecto-final-APIS\Proyecto-Final-e-commerce\PF_API_e-commerce\Backend)
2025-06-18T00:43:45.922-03:00  INFO 30640 --- [amazonas-e-commerce] [main] c.a.a.AmazonasECommerceApplication       : No active profile set, falling back to 1 default profile: "default"
2025-06-18T00:43:46.322-03:00  INFO 30640 --- [amazonas-e-commerce] [main] .s.d.r.c.RepositoryConfigurationDelegate : Bootstrapping Spring Data JPA repositories in DEFAULT mode.
2025-06-18T00:43:46.366-03:00  INFO 30640 --- [amazonas-e-commerce] [main] .s.d.r.c.RepositoryConfigurationDelegate : Finished Spring Data repository scanning in 37 ms. Found 2 JPA repository interfaces.
2025-06-18T00:43:46.707-03:00  INFO 30640 --- [amazonas-e-commerce] [main] o.s.b.w.embedded.tomcat.TomcatWebServer  : Tomcat initialized with port 3001 (http)
2025-06-18T00:43:46.718-03:00  INFO 30640 --- [amazonas-e-commerce] [main] o.apache.catalina.core.StandardService   : Starting service [Tomcat]
2025-06-18T00:43:46.718-03:00  INFO 30640 --- [amazonas-e-commerce] [main] o.apache.catalina.core.StandardEngine    : Starting Servlet engine: [Apache Tomcat/10.1.41]
2025-06-18T00:43:46.757-03:00  INFO 30640 --- [amazonas-e-commerce] [main] o.a.c.c.C.[Tomcat].[localhost].[/]       : Initializing Spring embedded WebApplicationContext
2025-06-18T00:43:46.758-03:00  INFO 30640 --- [amazonas-e-commerce] [main] w.s.c.ServletWebServerApplicationContext : Root WebApplicationContext: initialization completed in 809 ms
2025-06-18T00:43:46.842-03:00  INFO 30640 --- [amazonas-e-commerce] [main] o.hibernate.jpa.internal.util.LogHelper  : HHH000204: Processing PersistenceUnitInfo [name: default]
2025-06-18T00:43:46.873-03:00  INFO 30640 --- [amazonas-e-commerce] [main] org.hibernate.Version                    : HHH000412: Hibernate ORM core version 6.6.15.Final
2025-06-18T00:43:46.894-03:00  INFO 30640 --- [amazonas-e-commerce] [main] o.h.c.internal.RegionFactoryInitiator    : HHH000026: Second-level cache disabled
2025-06-18T00:43:47.059-03:00  INFO 30640 --- [amazonas-e-commerce] [main] o.s.o.j.p.SpringPersistenceUnitInfo      : No LoadTimeWeaver setup: ignoring JPA class transformer
2025-06-18T00:43:47.079-03:00  INFO 30640 --- [amazonas-e-commerce] [main] com.zaxxer.hikari.HikariDataSource       : HikariPool-1 - Starting...
2025-06-18T00:43:47.269-03:00  INFO 30640 --- [amazonas-e-commerce] [main] com.zaxxer.hikari.pool.HikariPool        : HikariPool-1 - Added connection com.mysql.cj.jdbc.ConnectionImpl@87aec6a
2025-06-18T00:43:47.271-03:00  INFO 30640 --- [amazonas-e-commerce] [main] com.zaxxer.hikari.HikariDataSource       : HikariPool-1 - Start completed.
2025-06-18T00:43:47.300-03:00  WARN 30640 --- [amazonas-e-commerce] [main] org.hibernate.orm.deprecation            : HHH90000025: MySQL8Dialect does not need to be specified explicitly using 'hibernate.dialect' (remove the property setting and it will be selected by default)
2025-06-18T00:43:47.301-03:00  WARN 30640 --- [amazonas-e-commerce] [main] org.hibernate.orm.deprecation            : HHH90000026: MySQL8Dialect has been deprecated; use org.hibernate.dialect.MySQLDialect instead
2025-06-18T00:43:47.316-03:00  INFO 30640 --- [amazonas-e-commerce] [main] org.hibernate.orm.connections.pooling    : HHH10001005: Database info:
	Database JDBC URL [Connecting through datasource 'HikariDataSource (HikariPool-1)']
	Database driver: undefined/unknown
	Database version: 8.0
	Autocommit mode: undefined/unknown
	Isolation level: undefined/unknown
	Minimum pool size: undefined/unknown
	Maximum pool size: undefined/unknown
2025-06-18T00:43:47.814-03:00  INFO 30640 --- [amazonas-e-commerce] [main] o.h.e.t.j.p.i.JtaPlatformInitiator       : HHH000489: No JTA platform available (set 'hibernate.transaction.jta.platform' to enable JTA platform integration)
2025-06-18T00:43:47.890-03:00  INFO 30640 --- [amazonas-e-commerce] [main] j.LocalContainerEntityManagerFactoryBean : Initialized JPA EntityManagerFactory for persistence unit 'default'
2025-06-18T00:43:48.135-03:00  INFO 30640 --- [amazonas-e-commerce] [main] eAuthenticationProviderManagerConfigurer : Global AuthenticationManager configured with AuthenticationProvider bean with name authenticationProvider
2025-06-18T00:43:48.135-03:00  WARN 30640 --- [amazonas-e-commerce] [main] r$InitializeUserDetailsManagerConfigurer : Global AuthenticationManager configured with an AuthenticationProvider bean. UserDetailsService beans will not be used by Spring Security for automatically configuring username/password login. Consider removing the AuthenticationProvider bean. Alternatively, consider using the UserDetailsService in a manually instantiated DaoAuthenticationProvider. If the current configuration is intentional, to turn off this warning, increase the logging level of 'org.springframework.security.config.annotation.authentication.configuration.InitializeUserDetailsBeanManagerConfigurer' to ERROR
2025-06-18T00:43:48.151-03:00  WARN 30640 --- [amazonas-e-commerce] [main] JpaBaseConfiguration$JpaWebConfiguration : spring.jpa.open-in-view is enabled by default. Therefore, database queries may be performed during view rendering. Explicitly configure spring.jpa.open-in-view to disable this warning
2025-06-18T00:43:48.437-03:00  INFO 30640 --- [amazonas-e-commerce] [main] o.s.b.w.embedded.tomcat.TomcatWebServer  : Tomcat started on port 3001 (http) with context path '/'
2025-06-18T00:43:48.444-03:00  INFO 30640 --- [amazonas-e-commerce] [main] c.a.a.AmazonasECommerceApplication       : Started AmazonasECommerceApplication in 2.801 seconds (process running for 2.976)
2025-06-18T00:43:51.884-03:00  INFO 30640 --- [amazonas-e-commerce] [http-nio-3001-exec-1] o.a.c.c.C.[Tomcat].[localhost].[/]       : Initializing Spring DispatcherServlet 'dispatcherServlet'
2025-06-18T00:43:51.884-03:00  INFO 30640 --- [amazonas-e-commerce] [http-nio-3001-exec-1] o.s.web.servlet.DispatcherServlet        : Initializing Servlet 'dispatcherServlet'
2025-06-18T00:43:51.885-03:00  INFO 30640 --- [amazonas-e-commerce] [http-nio-3001-exec-1] o.s.web.servlet.DispatcherServlet        : Completed initialization in 1 ms
2025-06-18T00:55:48.071-03:00  INFO 30640 --- [amazonas-e-commerce] [SpringApplicationShutdownHook] o.s.b.w.e.tomcat.GracefulShutdown        : Commencing graceful shutdown. Waiting for active requests to complete
2025-06-18T00:55:48.216-03:00  INFO 30640 --- [amazonas-e-commerce] [tomcat-shutdown] o.s.b.w.e.tomcat.GracefulShutdown        : Graceful shutdown complete
2025-06-18T00:55:48.218-03:00  INFO 30640 --- [amazonas-e-commerce] [SpringApplicationShutdownHook] j.LocalContainerEntityManagerFactoryBean : Closing JPA EntityManagerFactory for persistence unit 'default'
2025-06-18T00:55:48.220-03:00  INFO 30640 --- [amazonas-e-commerce] [SpringApplicationShutdownHook] com.zaxxer.hikari.HikariDataSource       : HikariPool-1 - Shutdown initiated...
2025-06-18T00:55:48.223-03:00  INFO 30640 --- [amazonas-e-commerce] [SpringApplicationShutdownHook] com.zaxxer.hikari.HikariDataSource       : HikariPool-1 - Shutdown completed.
2025-06-18T00:55:52.774-03:00  INFO 29920 --- [amazonas-e-commerce] [main] c.a.a.AmazonasECommerceApplication       : Starting AmazonasECommerceApplication using Java 17.0.12 with PID 29920 (C:\01.ESCRITORIO_DISC_C\UADE\SEGUNDO ANIO\1ER CUATRI 2025\APLICACIONES INTERACTIVAS\proyecto-final-APIS\Proyecto-Final-e-commerce\PF_API_e-commerce\Backend\target\classes started by Mateo in C:\01.ESCRITORIO_DISC_C\UADE\SEGUNDO ANIO\1ER CUATRI 2025\APLICACIONES INTERACTIVAS\proyecto-final-APIS\Proyecto-Final-e-commerce\PF_API_e-commerce\Backend)
2025-06-18T00:55:52.776-03:00  INFO 29920 --- [amazonas-e-commerce] [main] c.a.a.AmazonasECommerceApplication       : No active profile set, falling back to 1 default profile: "default"
2025-06-18T00:55:53.181-03:00  INFO 29920 --- [amazonas-e-commerce] [main] .s.d.r.c.RepositoryConfigurationDelegate : Bootstrapping Spring Data JPA repositories in DEFAULT mode.
2025-06-18T00:55:53.225-03:00  INFO 29920 --- [amazonas-e-commerce] [main] .s.d.r.c.RepositoryConfigurationDelegate : Finished Spring Data repository scanning in 38 ms. Found 2 JPA repository interfaces.
2025-06-18T00:55:53.568-03:00  INFO 29920 --- [amazonas-e-commerce] [main] o.s.b.w.embedded.tomcat.TomcatWebServer  : Tomcat initialized with port 3001 (http)
2025-06-18T00:55:53.578-03:00  INFO 29920 --- [amazonas-e-commerce] [main] o.apache.catalina.core.StandardService   : Starting service [Tomcat]
2025-06-18T00:55:53.578-03:00  INFO 29920 --- [amazonas-e-commerce] [main] o.apache.catalina.core.StandardEngine    : Starting Servlet engine: [Apache Tomcat/10.1.41]
2025-06-18T00:55:53.620-03:00  INFO 29920 --- [amazonas-e-commerce] [main] o.a.c.c.C.[Tomcat].[localhost].[/]       : Initializing Spring embedded WebApplicationContext
2025-06-18T00:55:53.620-03:00  INFO 29920 --- [amazonas-e-commerce] [main] w.s.c.ServletWebServerApplicationContext : Root WebApplicationContext: initialization completed in 817 ms
2025-06-18T00:55:53.713-03:00  INFO 29920 --- [amazonas-e-commerce] [main] o.hibernate.jpa.internal.util.LogHelper  : HHH000204: Processing PersistenceUnitInfo [name: default]
2025-06-18T00:55:53.750-03:00  INFO 29920 --- [amazonas-e-commerce] [main] org.hibernate.Version                    : HHH000412: Hibernate ORM core version 6.6.15.Final
2025-06-18T00:55:53.782-03:00  INFO 29920 --- [amazonas-e-commerce] [main] o.h.c.internal.RegionFactoryInitiator    : HHH000026: Second-level cache disabled
2025-06-18T00:55:53.941-03:00  INFO 29920 --- [amazonas-e-commerce] [main] o.s.o.j.p.SpringPersistenceUnitInfo      : No LoadTimeWeaver setup: ignoring JPA class transformer
2025-06-18T00:55:53.959-03:00  INFO 29920 --- [amazonas-e-commerce] [main] com.zaxxer.hikari.HikariDataSource       : HikariPool-1 - Starting...
2025-06-18T00:55:54.157-03:00  INFO 29920 --- [amazonas-e-commerce] [main] com.zaxxer.hikari.pool.HikariPool        : HikariPool-1 - Added connection com.mysql.cj.jdbc.ConnectionImpl@433d93e7
2025-06-18T00:55:54.159-03:00  INFO 29920 --- [amazonas-e-commerce] [main] com.zaxxer.hikari.HikariDataSource       : HikariPool-1 - Start completed.
2025-06-18T00:55:54.195-03:00  WARN 29920 --- [amazonas-e-commerce] [main] org.hibernate.orm.deprecation            : HHH90000025: MySQL8Dialect does not need to be specified explicitly using 'hibernate.dialect' (remove the property setting and it will be selected by default)
2025-06-18T00:55:54.196-03:00  WARN 29920 --- [amazonas-e-commerce] [main] org.hibernate.orm.deprecation            : HHH90000026: MySQL8Dialect has been deprecated; use org.hibernate.dialect.MySQLDialect instead
2025-06-18T00:55:54.211-03:00  INFO 29920 --- [amazonas-e-commerce] [main] org.hibernate.orm.connections.pooling    : HHH10001005: Database info:
	Database JDBC URL [Connecting through datasource 'HikariDataSource (HikariPool-1)']
	Database driver: undefined/unknown
	Database version: 8.0
	Autocommit mode: undefined/unknown
	Isolation level: undefined/unknown
	Minimum pool size: undefined/unknown
	Maximum pool size: undefined/unknown
2025-06-18T00:55:54.716-03:00  INFO 29920 --- [amazonas-e-commerce] [main] o.h.e.t.j.p.i.JtaPlatformInitiator       : HHH000489: No JTA platform available (set 'hibernate.transaction.jta.platform' to enable JTA platform integration)
2025-06-18T00:55:54.756-03:00  INFO 29920 --- [amazonas-e-commerce] [main] j.LocalContainerEntityManagerFactoryBean : Initialized JPA EntityManagerFactory for persistence unit 'default'
2025-06-18T00:55:54.998-03:00  INFO 29920 --- [amazonas-e-commerce] [main] eAuthenticationProviderManagerConfigurer : Global AuthenticationManager configured with AuthenticationProvider bean with name authenticationProvider
2025-06-18T00:55:54.999-03:00  WARN 29920 --- [amazonas-e-commerce] [main] r$InitializeUserDetailsManagerConfigurer : Global AuthenticationManager configured with an AuthenticationProvider bean. UserDetailsService beans will not be used by Spring Security for automatically configuring username/password login. Consider removing the AuthenticationProvider bean. Alternatively, consider using the UserDetailsService in a manually instantiated DaoAuthenticationProvider. If the current configuration is intentional, to turn off this warning, increase the logging level of 'org.springframework.security.config.annotation.authentication.configuration.InitializeUserDetailsBeanManagerConfigurer' to ERROR
2025-06-18T00:55:55.015-03:00  WARN 29920 --- [amazonas-e-commerce] [main] JpaBaseConfiguration$JpaWebConfiguration : spring.jpa.open-in-view is enabled by default. Therefore, database queries may be performed during view rendering. Explicitly configure spring.jpa.open-in-view to disable this warning
2025-06-18T00:55:55.300-03:00  INFO 29920 --- [amazonas-e-commerce] [main] o.s.b.w.embedded.tomcat.TomcatWebServer  : Tomcat started on port 3001 (http) with context path '/'
2025-06-18T00:55:55.306-03:00  INFO 29920 --- [amazonas-e-commerce] [main] c.a.a.AmazonasECommerceApplication       : Started AmazonasECommerceApplication in 2.817 seconds (process running for 2.997)
2025-06-18T00:55:59.348-03:00  INFO 29920 --- [amazonas-e-commerce] [http-nio-3001-exec-1] o.a.c.c.C.[Tomcat].[localhost].[/]       : Initializing Spring DispatcherServlet 'dispatcherServlet'
2025-06-18T00:55:59.349-03:00  INFO 29920 --- [amazonas-e-commerce] [http-nio-3001-exec-1] o.s.web.servlet.DispatcherServlet        : Initializing Servlet 'dispatcherServlet'
2025-06-18T00:55:59.349-03:00  INFO 29920 --- [amazonas-e-commerce] [http-nio-3001-exec-1] o.s.web.servlet.DispatcherServlet        : Completed initialization in 0 ms
2025-06-18T00:56:15.740-03:00  INFO 29920 --- [amazonas-e-commerce] [SpringApplicationShutdownHook] o.s.b.w.e.tomcat.GracefulShutdown        : Commencing graceful shutdown. Waiting for active requests to complete
2025-06-18T00:56:15.886-03:00  INFO 29920 --- [amazonas-e-commerce] [tomcat-shutdown] o.s.b.w.e.tomcat.GracefulShutdown        : Graceful shutdown complete
2025-06-18T00:56:15.890-03:00  INFO 29920 --- [amazonas-e-commerce] [SpringApplicationShutdownHook] j.LocalContainerEntityManagerFactoryBean : Closing JPA EntityManagerFactory for persistence unit 'default'
2025-06-18T00:56:15.891-03:00  INFO 29920 --- [amazonas-e-commerce] [SpringApplicationShutdownHook] com.zaxxer.hikari.HikariDataSource       : HikariPool-1 - Shutdown initiated...
2025-06-18T00:56:15.896-03:00  INFO 29920 --- [amazonas-e-commerce] [SpringApplicationShutdownHook] com.zaxxer.hikari.HikariDataSource       : HikariPool-1 - Shutdown completed.
2025-06-18T00:56:21.297-03:00  INFO 13716 --- [amazonas-e-commerce] [main] c.a.a.AmazonasECommerceApplication       : Starting AmazonasECommerceApplication using Java 17.0.12 with PID 13716 (C:\01.ESCRITORIO_DISC_C\UADE\SEGUNDO ANIO\1ER CUATRI 2025\APLICACIONES INTERACTIVAS\proyecto-final-APIS\Proyecto-Final-e-commerce\PF_API_e-commerce\Backend\target\classes started by Mateo in C:\01.ESCRITORIO_DISC_C\UADE\SEGUNDO ANIO\1ER CUATRI 2025\APLICACIONES INTERACTIVAS\proyecto-final-APIS\Proyecto-Final-e-commerce\PF_API_e-commerce\Backend)
2025-06-18T00:56:21.299-03:00  INFO 13716 --- [amazonas-e-commerce] [main] c.a.a.AmazonasECommerceApplication       : No active profile set, falling back to 1 default profile: "default"
2025-06-18T00:56:21.732-03:00  INFO 13716 --- [amazonas-e-commerce] [main] .s.d.r.c.RepositoryConfigurationDelegate : Bootstrapping Spring Data JPA repositories in DEFAULT mode.
2025-06-18T00:56:21.773-03:00  INFO 13716 --- [amazonas-e-commerce] [main] .s.d.r.c.RepositoryConfigurationDelegate : Finished Spring Data repository scanning in 35 ms. Found 2 JPA repository interfaces.
2025-06-18T00:56:22.111-03:00  INFO 13716 --- [amazonas-e-commerce] [main] o.s.b.w.embedded.tomcat.TomcatWebServer  : Tomcat initialized with port 3001 (http)
2025-06-18T00:56:22.119-03:00  INFO 13716 --- [amazonas-e-commerce] [main] o.apache.catalina.core.StandardService   : Starting service [Tomcat]
2025-06-18T00:56:22.121-03:00  INFO 13716 --- [amazonas-e-commerce] [main] o.apache.catalina.core.StandardEngine    : Starting Servlet engine: [Apache Tomcat/10.1.41]
2025-06-18T00:56:22.161-03:00  INFO 13716 --- [amazonas-e-commerce] [main] o.a.c.c.C.[Tomcat].[localhost].[/]       : Initializing Spring embedded WebApplicationContext
2025-06-18T00:56:22.161-03:00  INFO 13716 --- [amazonas-e-commerce] [main] w.s.c.ServletWebServerApplicationContext : Root WebApplicationContext: initialization completed in 833 ms
2025-06-18T00:56:22.276-03:00  INFO 13716 --- [amazonas-e-commerce] [main] o.hibernate.jpa.internal.util.LogHelper  : HHH000204: Processing PersistenceUnitInfo [name: default]
2025-06-18T00:56:22.315-03:00  INFO 13716 --- [amazonas-e-commerce] [main] org.hibernate.Version                    : HHH000412: Hibernate ORM core version 6.6.15.Final
2025-06-18T00:56:22.336-03:00  INFO 13716 --- [amazonas-e-commerce] [main] o.h.c.internal.RegionFactoryInitiator    : HHH000026: Second-level cache disabled
2025-06-18T00:56:22.504-03:00  INFO 13716 --- [amazonas-e-commerce] [main] o.s.o.j.p.SpringPersistenceUnitInfo      : No LoadTimeWeaver setup: ignoring JPA class transformer
2025-06-18T00:56:22.524-03:00  INFO 13716 --- [amazonas-e-commerce] [main] com.zaxxer.hikari.HikariDataSource       : HikariPool-1 - Starting...
2025-06-18T00:56:22.732-03:00  INFO 13716 --- [amazonas-e-commerce] [main] com.zaxxer.hikari.pool.HikariPool        : HikariPool-1 - Added connection com.mysql.cj.jdbc.ConnectionImpl@87aec6a
2025-06-18T00:56:22.734-03:00  INFO 13716 --- [amazonas-e-commerce] [main] com.zaxxer.hikari.HikariDataSource       : HikariPool-1 - Start completed.
2025-06-18T00:56:22.765-03:00  WARN 13716 --- [amazonas-e-commerce] [main] org.hibernate.orm.deprecation            : HHH90000025: MySQL8Dialect does not need to be specified explicitly using 'hibernate.dialect' (remove the property setting and it will be selected by default)
2025-06-18T00:56:22.766-03:00  WARN 13716 --- [amazonas-e-commerce] [main] org.hibernate.orm.deprecation            : HHH90000026: MySQL8Dialect has been deprecated; use org.hibernate.dialect.MySQLDialect instead
2025-06-18T00:56:22.778-03:00  INFO 13716 --- [amazonas-e-commerce] [main] org.hibernate.orm.connections.pooling    : HHH10001005: Database info:
	Database JDBC URL [Connecting through datasource 'HikariDataSource (HikariPool-1)']
	Database driver: undefined/unknown
	Database version: 8.0
	Autocommit mode: undefined/unknown
	Isolation level: undefined/unknown
	Minimum pool size: undefined/unknown
	Maximum pool size: undefined/unknown
2025-06-18T00:56:23.244-03:00  INFO 13716 --- [amazonas-e-commerce] [main] o.h.e.t.j.p.i.JtaPlatformInitiator       : HHH000489: No JTA platform available (set 'hibernate.transaction.jta.platform' to enable JTA platform integration)
2025-06-18T00:56:23.282-03:00  INFO 13716 --- [amazonas-e-commerce] [main] j.LocalContainerEntityManagerFactoryBean : Initialized JPA EntityManagerFactory for persistence unit 'default'
2025-06-18T00:56:23.527-03:00  INFO 13716 --- [amazonas-e-commerce] [main] eAuthenticationProviderManagerConfigurer : Global AuthenticationManager configured with AuthenticationProvider bean with name authenticationProvider
2025-06-18T00:56:23.527-03:00  WARN 13716 --- [amazonas-e-commerce] [main] r$InitializeUserDetailsManagerConfigurer : Global AuthenticationManager configured with an AuthenticationProvider bean. UserDetailsService beans will not be used by Spring Security for automatically configuring username/password login. Consider removing the AuthenticationProvider bean. Alternatively, consider using the UserDetailsService in a manually instantiated DaoAuthenticationProvider. If the current configuration is intentional, to turn off this warning, increase the logging level of 'org.springframework.security.config.annotation.authentication.configuration.InitializeUserDetailsBeanManagerConfigurer' to ERROR
2025-06-18T00:56:23.542-03:00  WARN 13716 --- [amazonas-e-commerce] [main] JpaBaseConfiguration$JpaWebConfiguration : spring.jpa.open-in-view is enabled by default. Therefore, database queries may be performed during view rendering. Explicitly configure spring.jpa.open-in-view to disable this warning
2025-06-18T00:56:23.827-03:00  INFO 13716 --- [amazonas-e-commerce] [main] o.s.b.w.embedded.tomcat.TomcatWebServer  : Tomcat started on port 3001 (http) with context path '/'
2025-06-18T00:56:23.831-03:00  INFO 13716 --- [amazonas-e-commerce] [main] c.a.a.AmazonasECommerceApplication       : Started AmazonasECommerceApplication in 2.812 seconds (process running for 2.989)
2025-06-18T00:56:27.113-03:00  INFO 13716 --- [amazonas-e-commerce] [http-nio-3001-exec-1] o.a.c.c.C.[Tomcat].[localhost].[/]       : Initializing Spring DispatcherServlet 'dispatcherServlet'
2025-06-18T00:56:27.113-03:00  INFO 13716 --- [amazonas-e-commerce] [http-nio-3001-exec-1] o.s.web.servlet.DispatcherServlet        : Initializing Servlet 'dispatcherServlet'
2025-06-18T00:56:27.114-03:00  INFO 13716 --- [amazonas-e-commerce] [http-nio-3001-exec-1] o.s.web.servlet.DispatcherServlet        : Completed initialization in 0 ms
2025-06-18T00:56:56.919-03:00  INFO 13716 --- [amazonas-e-commerce] [SpringApplicationShutdownHook] o.s.b.w.e.tomcat.GracefulShutdown        : Commencing graceful shutdown. Waiting for active requests to complete
2025-06-18T00:56:57.074-03:00  INFO 13716 --- [amazonas-e-commerce] [tomcat-shutdown] o.s.b.w.e.tomcat.GracefulShutdown        : Graceful shutdown complete
2025-06-18T00:56:57.077-03:00  INFO 13716 --- [amazonas-e-commerce] [SpringApplicationShutdownHook] j.LocalContainerEntityManagerFactoryBean : Closing JPA EntityManagerFactory for persistence unit 'default'
2025-06-18T00:56:57.078-03:00  INFO 13716 --- [amazonas-e-commerce] [SpringApplicationShutdownHook] com.zaxxer.hikari.HikariDataSource       : HikariPool-1 - Shutdown initiated...
2025-06-18T00:56:57.081-03:00  INFO 13716 --- [amazonas-e-commerce] [SpringApplicationShutdownHook] com.zaxxer.hikari.HikariDataSource       : HikariPool-1 - Shutdown completed.
